<?xml version="1.0" encoding="UTF-8"?>
<!-- Generated by org.testng.reporters.JUnitXMLReporter -->
<testsuite ignored="0" hostname="DESKTOP-ABS5AQM" failures="0" tests="3" name="Default test" time="0.189" errors="0" timestamp="2022-07-11T00:50:56 IST">
  <testcase classname="tests.verifyUiTestNG" name="@BeforeTest launchBrowser" time="-1.65748085564E9">
    <failure type="org.testng.TestNGException" message="
Parameter &amp;apos;browserName&amp;apos; is required by BeforeTest on method launchBrowser but has not been marked @Optional or defined
in C:\Users\Abhishek Singh\AppData\Local\Temp\testng-eclipse-1332197533\testng-customsuite.xml">
      <![CDATA[org.testng.TestNGException: 
Parameter 'browserName' is required by BeforeTest on method launchBrowser but has not been marked @Optional or defined
in C:\Users\Abhishek Singh\AppData\Local\Temp\testng-eclipse-1332197533\testng-customsuite.xml
at org.testng.internal.Parameters.createParams(Parameters.java:270)
at org.testng.internal.Parameters.createParametersForMethod(Parameters.java:358)
at org.testng.internal.Parameters.createParameters(Parameters.java:700)
at org.testng.internal.Parameters.createConfigurationParameters(Parameters.java:168)
at org.testng.internal.ConfigInvoker.invokeConfigurations(ConfigInvoker.java:302)
at org.testng.TestRunner.invokeTestConfigurations(TestRunner.java:637)
at org.testng.TestRunner.beforeRun(TestRunner.java:627)
at org.testng.TestRunner.run(TestRunner.java:589)
at org.testng.SuiteRunner.runTest(SuiteRunner.java:377)
at org.testng.SuiteRunner.runSequentially(SuiteRunner.java:371)
at org.testng.SuiteRunner.privateRun(SuiteRunner.java:332)
at org.testng.SuiteRunner.run(SuiteRunner.java:276)
at org.testng.SuiteRunnerWorker.runSuite(SuiteRunnerWorker.java:53)
at org.testng.SuiteRunnerWorker.run(SuiteRunnerWorker.java:96)
at org.testng.TestNG.runSuitesSequentially(TestNG.java:1212)
at org.testng.TestNG.runSuitesLocally(TestNG.java:1134)
at org.testng.TestNG.runSuites(TestNG.java:1063)
at org.testng.TestNG.run(TestNG.java:1031)
at org.testng.remote.AbstractRemoteTestNG.run(AbstractRemoteTestNG.java:115)
at org.testng.remote.RemoteTestNG.initAndRun(RemoteTestNG.java:251)
at org.testng.remote.RemoteTestNG.main(RemoteTestNG.java:77)
]]>
    </failure>
  </testcase> <!-- @BeforeTest launchBrowser -->
  <testcase classname="tests.verifyUiTestNG" name="@BeforeClass createPOMobjects" time="-1.657480855685E9">
    <skipped/>
  </testcase> <!-- @BeforeClass createPOMobjects -->
  <testcase classname="tests.verifyUiTestNG" name="@BeforeMethod loginToApplication" time="-1.657480855713E9">
    <skipped/>
  </testcase> <!-- @BeforeMethod loginToApplication -->
  <testcase classname="tests.verifyUiTestNG" name="@AfterMethod logoutFromApp" time="-1.657480855738E9">
    <skipped/>
  </testcase> <!-- @AfterMethod logoutFromApp -->
  <testcase classname="tests.verifyUiTestNG" name="@BeforeMethod loginToApplication" time="-1.657480855746E9">
    <skipped/>
  </testcase> <!-- @BeforeMethod loginToApplication -->
  <testcase classname="tests.verifyUiTestNG" name="@AfterMethod logoutFromApp" time="-1.657480855756E9">
    <skipped/>
  </testcase> <!-- @AfterMethod logoutFromApp -->
  <testcase classname="tests.verifyUiTestNG" name="@BeforeMethod loginToApplication" time="-1.657480855762E9">
    <skipped/>
  </testcase> <!-- @BeforeMethod loginToApplication -->
  <testcase classname="tests.verifyUiTestNG" name="@AfterMethod logoutFromApp" time="-1.657480855777E9">
    <skipped/>
  </testcase> <!-- @AfterMethod logoutFromApp -->
  <testcase classname="tests.verifyUiTestNG" name="@AfterClass closeBrowser" time="-1.657480855818E9">
    <skipped/>
  </testcase> <!-- @AfterClass closeBrowser -->
  <testcase classname="tests.verifyUiTestNG" name="@AfterTest closedBrowser" time="-1.65748085582E9">
    <skipped/>
  </testcase> <!-- @AfterTest closedBrowser -->
  <testcase classname="tests.verifyUiTestNG" name="toVerifySellerButton" time="0.0">
    <skipped/>
  </testcase> <!-- toVerifySellerButton -->
  <testcase classname="tests.verifyUiTestNG" name="toVerifyCart" time="0.0">
    <skipped/>
  </testcase> <!-- toVerifyCart -->
  <testcase classname="tests.verifyUiTestNG" name="toVerifySearchBar" time="0.0">
    <skipped/>
  </testcase> <!-- toVerifySearchBar -->
</testsuite> <!-- Default test -->
